Determining if the pthread_create exist failed with the following output:
Change Dir: /home/michaela/catkin_ws/build/CMakeFiles/CMakeTmp

Run Build Command:"/usr/bin/make" "cmTC_e0016/fast"
/usr/bin/make -f CMakeFiles/cmTC_e0016.dir/build.make CMakeFiles/cmTC_e0016.dir/build
make[1]: Entering directory '/home/michaela/catkin_ws/build/CMakeFiles/CMakeTmp'
Building C object CMakeFiles/cmTC_e0016.dir/CheckSymbolExists.c.o
/usr/bin/cc     -o CMakeFiles/cmTC_e0016.dir/CheckSymbolExists.c.o   -c /home/michaela/catkin_ws/build/CMakeFiles/CMakeTmp/CheckSymbolExists.c
Linking C executable cmTC_e0016
/usr/bin/cmake -E cmake_link_script CMakeFiles/cmTC_e0016.dir/link.txt --verbose=1
/usr/bin/cc       CMakeFiles/cmTC_e0016.dir/CheckSymbolExists.c.o  -o cmTC_e0016 -rdynamic 
CMakeFiles/cmTC_e0016.dir/CheckSymbolExists.c.o: In function `main':
CheckSymbolExists.c:(.text+0x16): undefined reference to `pthread_create'
collect2: error: ld returned 1 exit status
CMakeFiles/cmTC_e0016.dir/build.make:97: recipe for target 'cmTC_e0016' failed
make[1]: *** [cmTC_e0016] Error 1
make[1]: Leaving directory '/home/michaela/catkin_ws/build/CMakeFiles/CMakeTmp'
Makefile:126: recipe for target 'cmTC_e0016/fast' failed
make: *** [cmTC_e0016/fast] Error 2

File /home/michaela/catkin_ws/build/CMakeFiles/CMakeTmp/CheckSymbolExists.c:
/* */
#include <pthread.h>

int main(int argc, char** argv)
{
  (void)argv;
#ifndef pthread_create
  return ((int*)(&pthread_create))[argc];
#else
  (void)argc;
  return 0;
#endif
}

Determining if the function pthread_create exists in the pthreads failed with the following output:
Change Dir: /home/michaela/catkin_ws/build/CMakeFiles/CMakeTmp

Run Build Command:"/usr/bin/make" "cmTC_d0e62/fast"
/usr/bin/make -f CMakeFiles/cmTC_d0e62.dir/build.make CMakeFiles/cmTC_d0e62.dir/build
make[1]: Entering directory '/home/michaela/catkin_ws/build/CMakeFiles/CMakeTmp'
Building C object CMakeFiles/cmTC_d0e62.dir/CheckFunctionExists.c.o
/usr/bin/cc    -DCHECK_FUNCTION_EXISTS=pthread_create   -o CMakeFiles/cmTC_d0e62.dir/CheckFunctionExists.c.o   -c /usr/share/cmake-3.5/Modules/CheckFunctionExists.c
Linking C executable cmTC_d0e62
/usr/bin/cmake -E cmake_link_script CMakeFiles/cmTC_d0e62.dir/link.txt --verbose=1
/usr/bin/cc   -DCHECK_FUNCTION_EXISTS=pthread_create    CMakeFiles/cmTC_d0e62.dir/CheckFunctionExists.c.o  -o cmTC_d0e62 -rdynamic -lpthreads 
/usr/bin/ld: cannot find -lpthreads
collect2: error: ld returned 1 exit status
CMakeFiles/cmTC_d0e62.dir/build.make:97: recipe for target 'cmTC_d0e62' failed
make[1]: *** [cmTC_d0e62] Error 1
make[1]: Leaving directory '/home/michaela/catkin_ws/build/CMakeFiles/CMakeTmp'
Makefile:126: recipe for target 'cmTC_d0e62/fast' failed
make: *** [cmTC_d0e62/fast] Error 2


